2024-09-26 19:00:08,634 - INFO - Starting 'check_all_followers.py' script.
2024-09-26 19:00:08,880 - INFO - Total followers: 1
2024-09-26 19:00:08,881 - INFO - Loaded 2006 already followed users from 'followers.txt'.
2024-09-26 19:00:48,642 - INFO - Starting 'check_all_followers.py' script.
2024-09-26 19:00:48,835 - INFO - Total followers: 1
2024-09-26 19:00:48,836 - INFO - Loaded 2006 already followed users from 'followers.txt'.
2024-09-26 19:00:49,015 - INFO - Rate Limit - Remaining: 4419, Reset at: 2024-09-26 19:11:55
2024-09-26 19:00:49,016 - INFO - Current follower counter: 2006
2024-09-26 19:00:49,016 - INFO - =========================================
2024-09-26 19:00:49,016 - INFO - Total Followers: 1
2024-09-26 19:00:49,017 - INFO - Already Followed: 2006
2024-09-26 19:00:49,017 - INFO - Followers Left to Follow: 0
2024-09-26 19:00:49,017 - INFO - API Requests Remaining: 4419
2024-09-26 19:00:49,017 - INFO - Can Follow Now: 0
2024-09-26 19:00:49,017 - INFO - =========================================
2024-09-27 09:28:14,746 - INFO - Starting 'check_all_followers.py' script.
2024-09-27 09:28:14,946 - INFO - Total followers: 1
2024-09-27 09:28:14,948 - INFO - Loaded 2006 already followed users from 'followers.txt'.
2024-09-27 09:28:15,121 - INFO - Rate Limit - Remaining: 4908, Reset at: 2024-09-27 10:13:06
2024-09-27 09:28:15,122 - INFO - Current follower counter: 2006
2024-09-27 09:28:15,122 - INFO - =========================================
2024-09-27 09:28:15,122 - INFO - Total Followers: 1
2024-09-27 09:28:15,122 - INFO - Already Followed: 2006
2024-09-27 09:28:15,122 - INFO - Followers Left to Follow: 0
2024-09-27 09:28:15,123 - INFO - API Requests Remaining: 4908
2024-09-27 09:28:15,123 - INFO - Can Follow Now: 0
2024-09-27 09:28:15,123 - INFO - =========================================
2024-09-30 15:04:34,226 - INFO - Starting 'check_all_followers.py' script.
2024-09-30 15:04:34,447 - INFO - Total followers: 1
2024-09-30 15:04:34,449 - INFO - Loaded 2006 already followed users from 'followers.txt'.
2024-09-30 15:04:34,629 - INFO - Rate Limit - Remaining: 4739, Reset at: 2024-09-30 15:20:39
2024-09-30 15:04:34,629 - INFO - Current follower counter: 2006
2024-09-30 15:04:34,630 - INFO - =========================================
2024-09-30 15:04:34,630 - INFO - Total Followers: 1
2024-09-30 15:04:34,630 - INFO - Already Followed: 2006
2024-09-30 15:04:34,630 - INFO - Followers Left to Follow: 0
2024-09-30 15:04:34,630 - INFO - API Requests Remaining: 4739
2024-09-30 15:04:34,630 - INFO - Can Follow Now: 0
2024-09-30 15:04:34,630 - INFO - =========================================
2025-06-27 12:48:09,536 - INFO - Starting 'check_all_followers.py' script.
2025-06-27 12:48:09,714 - INFO - Total followers: 1
2025-06-27 12:48:09,716 - INFO - Loaded 3072 already followed users from 'followers.txt'.
2025-06-27 12:48:09,953 - INFO - Rate Limit - Remaining: 4993, Reset at: 2025-06-27 13:40:08
2025-06-27 12:48:09,954 - INFO - Current follower counter: 3072
2025-06-27 12:48:09,954 - INFO - =========================================
2025-06-27 12:48:09,954 - INFO - Total Followers: 1
2025-06-27 12:48:09,955 - INFO - Already Followed: 3072
2025-06-27 12:48:09,955 - INFO - Followers Left to Follow: 0
2025-06-27 12:48:09,955 - INFO - API Requests Remaining: 4993
2025-06-27 12:48:09,955 - INFO - Can Follow Now: 0
2025-06-27 12:48:09,955 - INFO - =========================================
2025-06-28 01:19:17,881 - INFO - Starting 'check_all_followers.py' script.
2025-06-28 01:19:18,090 - INFO - Total followers: 1
2025-06-28 01:19:18,092 - INFO - Loaded 3076 already followed users from 'followers.txt'.
2025-06-28 01:19:18,317 - INFO - Rate Limit - Remaining: 4993, Reset at: 2025-06-28 02:18:19
2025-06-28 01:19:18,318 - INFO - Current follower counter: 3076
2025-06-28 01:19:18,318 - INFO - =========================================
2025-06-28 01:19:18,318 - INFO - Total Followers: 1
2025-06-28 01:19:18,318 - INFO - Already Followed: 3076
2025-06-28 01:19:18,318 - INFO - Followers Left to Follow: 0
2025-06-28 01:19:18,318 - INFO - API Requests Remaining: 4993
2025-06-28 01:19:18,318 - INFO - Can Follow Now: 0
2025-06-28 01:19:18,318 - INFO - =========================================
2025-06-28 12:31:47,396 - INFO - Starting 'check_all_followers.py' script.
2025-06-28 12:31:47,487 - INFO - Total followers: 1
2025-06-28 12:31:47,489 - INFO - Loaded 3079 already followed users from 'followers.txt'.
2025-06-28 12:31:47,571 - INFO - Rate Limit - Remaining: 4994, Reset at: 2025-06-28 13:31:02
2025-06-28 12:31:47,571 - INFO - Current follower counter: 3079
2025-06-28 12:31:47,572 - INFO - =========================================
2025-06-28 12:31:47,572 - INFO - Total Followers: 1
2025-06-28 12:31:47,572 - INFO - Already Followed: 3079
2025-06-28 12:31:47,572 - INFO - Followers Left to Follow: 0
2025-06-28 12:31:47,572 - INFO - API Requests Remaining: 4994
2025-06-28 12:31:47,572 - INFO - Can Follow Now: 0
2025-06-28 12:31:47,572 - INFO - =========================================
2025-06-29 01:29:05,759 - INFO - Starting 'check_all_followers.py' script.
2025-06-29 01:29:05,926 - INFO - Total followers: 1
2025-06-29 01:29:05,928 - INFO - Loaded 3080 already followed users from 'followers.txt'.
2025-06-29 01:29:06,085 - INFO - Rate Limit - Remaining: 4996, Reset at: 2025-06-29 02:28:49
2025-06-29 01:29:06,086 - INFO - Current follower counter: 3080
2025-06-29 01:29:06,086 - INFO - =========================================
2025-06-29 01:29:06,086 - INFO - Total Followers: 1
2025-06-29 01:29:06,086 - INFO - Already Followed: 3080
2025-06-29 01:29:06,086 - INFO - Followers Left to Follow: 0
2025-06-29 01:29:06,087 - INFO - API Requests Remaining: 4996
2025-06-29 01:29:06,087 - INFO - Can Follow Now: 0
2025-06-29 01:29:06,087 - INFO - =========================================
2025-06-29 12:32:29,216 - INFO - Starting 'check_all_followers.py' script.
2025-06-29 12:32:29,412 - INFO - Total followers: 1
2025-06-29 12:32:29,415 - INFO - Loaded 3083 already followed users from 'followers.txt'.
2025-06-29 12:32:29,617 - INFO - Rate Limit - Remaining: 4954, Reset at: 2025-06-29 12:43:00
2025-06-29 12:32:29,618 - INFO - Current follower counter: 3083
2025-06-29 12:32:29,618 - INFO - =========================================
2025-06-29 12:32:29,618 - INFO - Total Followers: 1
2025-06-29 12:32:29,618 - INFO - Already Followed: 3083
2025-06-29 12:32:29,618 - INFO - Followers Left to Follow: 0
2025-06-29 12:32:29,618 - INFO - API Requests Remaining: 4954
2025-06-29 12:32:29,619 - INFO - Can Follow Now: 0
2025-06-29 12:32:29,619 - INFO - =========================================
2025-06-30 01:25:09,660 - INFO - Starting 'check_all_followers.py' script.
2025-06-30 01:25:09,747 - INFO - Total followers: 1
2025-06-30 01:25:09,749 - INFO - Loaded 3083 already followed users from 'followers.txt'.
2025-06-30 01:25:09,837 - INFO - Rate Limit - Remaining: 4997, Reset at: 2025-06-30 02:25:03
2025-06-30 01:25:09,838 - INFO - Current follower counter: 3083
2025-06-30 01:25:09,838 - INFO - =========================================
2025-06-30 01:25:09,838 - INFO - Total Followers: 1
2025-06-30 01:25:09,838 - INFO - Already Followed: 3083
2025-06-30 01:25:09,838 - INFO - Followers Left to Follow: 0
2025-06-30 01:25:09,838 - INFO - API Requests Remaining: 4997
2025-06-30 01:25:09,838 - INFO - Can Follow Now: 0
2025-06-30 01:25:09,838 - INFO - =========================================
2025-06-30 12:34:56,971 - INFO - Starting 'check_all_followers.py' script.
2025-06-30 12:34:57,083 - INFO - Total followers: 1
2025-06-30 12:34:57,085 - INFO - Loaded 3083 already followed users from 'followers.txt'.
2025-06-30 12:34:57,193 - INFO - Rate Limit - Remaining: 4997, Reset at: 2025-06-30 13:34:51
2025-06-30 12:34:57,194 - INFO - Current follower counter: 3083
2025-06-30 12:34:57,195 - INFO - =========================================
2025-06-30 12:34:57,195 - INFO - Total Followers: 1
2025-06-30 12:34:57,195 - INFO - Already Followed: 3083
2025-06-30 12:34:57,195 - INFO - Followers Left to Follow: 0
2025-06-30 12:34:57,195 - INFO - API Requests Remaining: 4997
2025-06-30 12:34:57,195 - INFO - Can Follow Now: 0
2025-06-30 12:34:57,195 - INFO - =========================================
2025-07-01 01:38:57,129 - INFO - Starting 'check_all_followers.py' script.
2025-07-01 01:38:57,260 - INFO - Total followers: 1
2025-07-01 01:38:57,263 - INFO - Loaded 3084 already followed users from 'followers.txt'.
2025-07-01 01:38:57,344 - INFO - Rate Limit - Remaining: 4996, Reset at: 2025-07-01 02:38:38
2025-07-01 01:38:57,345 - INFO - Current follower counter: 3084
2025-07-01 01:38:57,345 - INFO - =========================================
2025-07-01 01:38:57,345 - INFO - Total Followers: 1
2025-07-01 01:38:57,345 - INFO - Already Followed: 3084
2025-07-01 01:38:57,346 - INFO - Followers Left to Follow: 0
2025-07-01 01:38:57,346 - INFO - API Requests Remaining: 4996
2025-07-01 01:38:57,346 - INFO - Can Follow Now: 0
2025-07-01 01:38:57,346 - INFO - =========================================
2025-07-01 12:35:22,153 - INFO - Starting 'check_all_followers.py' script.
2025-07-01 12:35:22,285 - INFO - Total followers: 1
2025-07-01 12:35:22,286 - INFO - Loaded 3084 already followed users from 'followers.txt'.
2025-07-01 12:35:22,426 - INFO - Rate Limit - Remaining: 4957, Reset at: 2025-07-01 12:43:20
2025-07-01 12:35:22,427 - INFO - Current follower counter: 3084
2025-07-01 12:35:22,427 - INFO - =========================================
2025-07-01 12:35:22,428 - INFO - Total Followers: 1
2025-07-01 12:35:22,428 - INFO - Already Followed: 3084
2025-07-01 12:35:22,428 - INFO - Followers Left to Follow: 0
2025-07-01 12:35:22,428 - INFO - API Requests Remaining: 4957
2025-07-01 12:35:22,428 - INFO - Can Follow Now: 0
2025-07-01 12:35:22,428 - INFO - =========================================
2025-07-02 01:21:08,726 - INFO - Starting 'check_all_followers.py' script.
2025-07-02 01:21:08,925 - INFO - Total followers: 1
2025-07-02 01:21:08,927 - INFO - Loaded 3085 already followed users from 'followers.txt'.
2025-07-02 01:21:09,124 - INFO - Rate Limit - Remaining: 4996, Reset at: 2025-07-02 02:20:52
2025-07-02 01:21:09,125 - INFO - Current follower counter: 3085
2025-07-02 01:21:09,125 - INFO - =========================================
2025-07-02 01:21:09,125 - INFO - Total Followers: 1
2025-07-02 01:21:09,125 - INFO - Already Followed: 3085
2025-07-02 01:21:09,125 - INFO - Followers Left to Follow: 0
2025-07-02 01:21:09,125 - INFO - API Requests Remaining: 4996
2025-07-02 01:21:09,125 - INFO - Can Follow Now: 0
2025-07-02 01:21:09,126 - INFO - =========================================
2025-07-02 12:35:17,065 - INFO - Starting 'check_all_followers.py' script.
2025-07-02 12:35:17,268 - INFO - Total followers: 1
2025-07-02 12:35:17,270 - INFO - Loaded 3086 already followed users from 'followers.txt'.
2025-07-02 12:35:17,446 - INFO - Rate Limit - Remaining: 4996, Reset at: 2025-07-02 13:34:57
2025-07-02 12:35:17,447 - INFO - Current follower counter: 3086
2025-07-02 12:35:17,447 - INFO - =========================================
2025-07-02 12:35:17,447 - INFO - Total Followers: 1
2025-07-02 12:35:17,448 - INFO - Already Followed: 3086
2025-07-02 12:35:17,448 - INFO - Followers Left to Follow: 0
2025-07-02 12:35:17,448 - INFO - API Requests Remaining: 4996
2025-07-02 12:35:17,448 - INFO - Can Follow Now: 0
2025-07-02 12:35:17,448 - INFO - =========================================
2025-07-03 01:20:59,109 - INFO - Starting 'check_all_followers.py' script.
2025-07-03 01:20:59,315 - INFO - Total followers: 1
2025-07-03 01:20:59,317 - INFO - Loaded 3086 already followed users from 'followers.txt'.
2025-07-03 01:20:59,501 - INFO - Rate Limit - Remaining: 4997, Reset at: 2025-07-03 02:20:53
2025-07-03 01:20:59,502 - INFO - Current follower counter: 3086
2025-07-03 01:20:59,502 - INFO - =========================================
2025-07-03 01:20:59,503 - INFO - Total Followers: 1
2025-07-03 01:20:59,503 - INFO - Already Followed: 3086
2025-07-03 01:20:59,503 - INFO - Followers Left to Follow: 0
2025-07-03 01:20:59,503 - INFO - API Requests Remaining: 4997
2025-07-03 01:20:59,503 - INFO - Can Follow Now: 0
2025-07-03 01:20:59,503 - INFO - =========================================
2025-07-03 12:35:25,030 - INFO - Starting 'check_all_followers.py' script.
2025-07-03 12:35:25,339 - INFO - Total followers: 1
2025-07-03 12:35:25,341 - INFO - Loaded 3086 already followed users from 'followers.txt'.
2025-07-03 12:35:25,543 - INFO - Rate Limit - Remaining: 4997, Reset at: 2025-07-03 13:35:19
2025-07-03 12:35:25,544 - INFO - Current follower counter: 3086
2025-07-03 12:35:25,544 - INFO - =========================================
2025-07-03 12:35:25,545 - INFO - Total Followers: 1
2025-07-03 12:35:25,545 - INFO - Already Followed: 3086
2025-07-03 12:35:25,545 - INFO - Followers Left to Follow: 0
2025-07-03 12:35:25,545 - INFO - API Requests Remaining: 4997
2025-07-03 12:35:25,545 - INFO - Can Follow Now: 0
2025-07-03 12:35:25,545 - INFO - =========================================
2025-07-04 01:20:57,848 - INFO - Starting 'check_all_followers.py' script.
2025-07-04 01:20:57,969 - INFO - Total followers: 1
2025-07-04 01:20:57,971 - INFO - Loaded 3088 already followed users from 'followers.txt'.
2025-07-04 01:20:58,084 - INFO - Rate Limit - Remaining: 4995, Reset at: 2025-07-04 02:20:26
2025-07-04 01:20:58,086 - INFO - Current follower counter: 3088
2025-07-04 01:20:58,086 - INFO - =========================================
2025-07-04 01:20:58,086 - INFO - Total Followers: 1
2025-07-04 01:20:58,086 - INFO - Already Followed: 3088
2025-07-04 01:20:58,086 - INFO - Followers Left to Follow: 0
2025-07-04 01:20:58,086 - INFO - API Requests Remaining: 4995
2025-07-04 01:20:58,086 - INFO - Can Follow Now: 0
2025-07-04 01:20:58,086 - INFO - =========================================
2025-07-04 12:34:26,109 - INFO - Starting 'check_all_followers.py' script.
2025-07-04 12:34:26,216 - ERROR - Failed to retrieve total followers: 401 Client Error: Unauthorized for url: https://api.github.com/users/homerj31/followers?per_page=1&page=1
2025-07-04 12:34:26,218 - INFO - Loaded 3088 already followed users from 'followers.txt'.
2025-07-04 12:34:26,324 - ERROR - Failed to check rate limit: 401 Client Error: Unauthorized for url: https://api.github.com/rate_limit
2025-07-04 12:34:26,325 - WARNING - Unable to retrieve rate limit information. Assuming 0 remaining requests.
2025-07-04 12:34:26,325 - INFO - Current follower counter: 3088
2025-07-04 12:34:26,325 - INFO - =========================================
2025-07-04 12:34:26,325 - INFO - Total Followers: 0
2025-07-04 12:34:26,325 - INFO - Already Followed: 3088
2025-07-04 12:34:26,325 - INFO - Followers Left to Follow: 0
2025-07-04 12:34:26,325 - INFO - API Requests Remaining: 0
2025-07-04 12:34:26,326 - INFO - Can Follow Now: 0
2025-07-04 12:34:26,326 - INFO - =========================================
2025-07-05 01:17:48,063 - INFO - Starting 'check_all_followers.py' script.
2025-07-05 01:17:48,135 - ERROR - Failed to retrieve total followers: 401 Client Error: Unauthorized for url: https://api.github.com/users/homerj31/followers?per_page=1&page=1
2025-07-05 01:17:48,137 - INFO - Loaded 3088 already followed users from 'followers.txt'.
2025-07-05 01:17:48,195 - ERROR - Failed to check rate limit: 401 Client Error: Unauthorized for url: https://api.github.com/rate_limit
2025-07-05 01:17:48,196 - WARNING - Unable to retrieve rate limit information. Assuming 0 remaining requests.
2025-07-05 01:17:48,196 - INFO - Current follower counter: 3088
2025-07-05 01:17:48,196 - INFO - =========================================
2025-07-05 01:17:48,196 - INFO - Total Followers: 0
2025-07-05 01:17:48,196 - INFO - Already Followed: 3088
2025-07-05 01:17:48,196 - INFO - Followers Left to Follow: 0
2025-07-05 01:17:48,196 - INFO - API Requests Remaining: 0
2025-07-05 01:17:48,196 - INFO - Can Follow Now: 0
2025-07-05 01:17:48,196 - INFO - =========================================
2025-07-05 12:31:14,919 - INFO - Starting 'check_all_followers.py' script.
2025-07-05 12:31:15,112 - ERROR - Failed to retrieve total followers: 401 Client Error: Unauthorized for url: https://api.github.com/users/homerj31/followers?per_page=1&page=1
2025-07-05 12:31:15,114 - INFO - Loaded 3088 already followed users from 'followers.txt'.
2025-07-05 12:31:15,279 - ERROR - Failed to check rate limit: 401 Client Error: Unauthorized for url: https://api.github.com/rate_limit
2025-07-05 12:31:15,280 - WARNING - Unable to retrieve rate limit information. Assuming 0 remaining requests.
2025-07-05 12:31:15,280 - INFO - Current follower counter: 3088
2025-07-05 12:31:15,280 - INFO - =========================================
2025-07-05 12:31:15,280 - INFO - Total Followers: 0
2025-07-05 12:31:15,281 - INFO - Already Followed: 3088
2025-07-05 12:31:15,281 - INFO - Followers Left to Follow: 0
2025-07-05 12:31:15,281 - INFO - API Requests Remaining: 0
2025-07-05 12:31:15,281 - INFO - Can Follow Now: 0
2025-07-05 12:31:15,281 - INFO - =========================================
2025-07-06 01:27:44,763 - INFO - Starting 'check_all_followers.py' script.
2025-07-06 01:27:44,877 - ERROR - Failed to retrieve total followers: 401 Client Error: Unauthorized for url: https://api.github.com/users/homerj31/followers?per_page=1&page=1
2025-07-06 01:27:44,879 - INFO - Loaded 3088 already followed users from 'followers.txt'.
2025-07-06 01:27:44,971 - ERROR - Failed to check rate limit: 401 Client Error: Unauthorized for url: https://api.github.com/rate_limit
2025-07-06 01:27:44,972 - WARNING - Unable to retrieve rate limit information. Assuming 0 remaining requests.
2025-07-06 01:27:44,973 - INFO - Current follower counter: 3088
2025-07-06 01:27:44,973 - INFO - =========================================
2025-07-06 01:27:44,973 - INFO - Total Followers: 0
2025-07-06 01:27:44,973 - INFO - Already Followed: 3088
2025-07-06 01:27:44,973 - INFO - Followers Left to Follow: 0
2025-07-06 01:27:44,973 - INFO - API Requests Remaining: 0
2025-07-06 01:27:44,973 - INFO - Can Follow Now: 0
2025-07-06 01:27:44,973 - INFO - =========================================
2025-07-06 12:31:38,566 - INFO - Starting 'check_all_followers.py' script.
2025-07-06 12:31:38,698 - ERROR - Failed to retrieve total followers: 401 Client Error: Unauthorized for url: https://api.github.com/users/homerj31/followers?per_page=1&page=1
2025-07-06 12:31:38,700 - INFO - Loaded 3088 already followed users from 'followers.txt'.
2025-07-06 12:31:38,789 - ERROR - Failed to check rate limit: 401 Client Error: Unauthorized for url: https://api.github.com/rate_limit
2025-07-06 12:31:38,790 - WARNING - Unable to retrieve rate limit information. Assuming 0 remaining requests.
2025-07-06 12:31:38,791 - INFO - Current follower counter: 3088
2025-07-06 12:31:38,791 - INFO - =========================================
2025-07-06 12:31:38,791 - INFO - Total Followers: 0
2025-07-06 12:31:38,791 - INFO - Already Followed: 3088
2025-07-06 12:31:38,791 - INFO - Followers Left to Follow: 0
2025-07-06 12:31:38,791 - INFO - API Requests Remaining: 0
2025-07-06 12:31:38,791 - INFO - Can Follow Now: 0
2025-07-06 12:31:38,791 - INFO - =========================================
2025-07-07 01:25:14,874 - INFO - Starting 'check_all_followers.py' script.
2025-07-07 01:25:15,053 - ERROR - Failed to retrieve total followers: 401 Client Error: Unauthorized for url: https://api.github.com/users/homerj31/followers?per_page=1&page=1
2025-07-07 01:25:15,055 - INFO - Loaded 3088 already followed users from 'followers.txt'.
2025-07-07 01:25:15,219 - ERROR - Failed to check rate limit: 401 Client Error: Unauthorized for url: https://api.github.com/rate_limit
2025-07-07 01:25:15,220 - WARNING - Unable to retrieve rate limit information. Assuming 0 remaining requests.
2025-07-07 01:25:15,221 - INFO - Current follower counter: 3088
2025-07-07 01:25:15,221 - INFO - =========================================
2025-07-07 01:25:15,221 - INFO - Total Followers: 0
2025-07-07 01:25:15,221 - INFO - Already Followed: 3088
2025-07-07 01:25:15,221 - INFO - Followers Left to Follow: 0
2025-07-07 01:25:15,221 - INFO - API Requests Remaining: 0
2025-07-07 01:25:15,221 - INFO - Can Follow Now: 0
2025-07-07 01:25:15,221 - INFO - =========================================
2025-07-07 12:35:09,838 - INFO - Starting 'check_all_followers.py' script.
2025-07-07 12:35:10,008 - ERROR - Failed to retrieve total followers: 401 Client Error: Unauthorized for url: https://api.github.com/users/homerj31/followers?per_page=1&page=1
2025-07-07 12:35:10,010 - INFO - Loaded 3088 already followed users from 'followers.txt'.
2025-07-07 12:35:10,191 - ERROR - Failed to check rate limit: 401 Client Error: Unauthorized for url: https://api.github.com/rate_limit
2025-07-07 12:35:10,192 - WARNING - Unable to retrieve rate limit information. Assuming 0 remaining requests.
2025-07-07 12:35:10,192 - INFO - Current follower counter: 3088
2025-07-07 12:35:10,192 - INFO - =========================================
2025-07-07 12:35:10,192 - INFO - Total Followers: 0
2025-07-07 12:35:10,192 - INFO - Already Followed: 3088
2025-07-07 12:35:10,192 - INFO - Followers Left to Follow: 0
2025-07-07 12:35:10,192 - INFO - API Requests Remaining: 0
2025-07-07 12:35:10,192 - INFO - Can Follow Now: 0
2025-07-07 12:35:10,193 - INFO - =========================================
2025-07-08 01:21:13,284 - INFO - Starting 'check_all_followers.py' script.
2025-07-08 01:21:13,350 - ERROR - Failed to retrieve total followers: 401 Client Error: Unauthorized for url: https://api.github.com/users/homerj31/followers?per_page=1&page=1
2025-07-08 01:21:13,351 - INFO - Loaded 3088 already followed users from 'followers.txt'.
2025-07-08 01:21:13,412 - ERROR - Failed to check rate limit: 401 Client Error: Unauthorized for url: https://api.github.com/rate_limit
2025-07-08 01:21:13,412 - WARNING - Unable to retrieve rate limit information. Assuming 0 remaining requests.
2025-07-08 01:21:13,413 - INFO - Current follower counter: 3088
2025-07-08 01:21:13,413 - INFO - =========================================
2025-07-08 01:21:13,413 - INFO - Total Followers: 0
2025-07-08 01:21:13,413 - INFO - Already Followed: 3088
2025-07-08 01:21:13,413 - INFO - Followers Left to Follow: 0
2025-07-08 01:21:13,413 - INFO - API Requests Remaining: 0
2025-07-08 01:21:13,413 - INFO - Can Follow Now: 0
2025-07-08 01:21:13,413 - INFO - =========================================
2025-07-08 12:35:44,031 - INFO - Starting 'check_all_followers.py' script.
2025-07-08 12:35:44,212 - ERROR - Failed to retrieve total followers: 401 Client Error: Unauthorized for url: https://api.github.com/users/homerj31/followers?per_page=1&page=1
2025-07-08 12:35:44,214 - INFO - Loaded 3088 already followed users from 'followers.txt'.
2025-07-08 12:35:44,375 - ERROR - Failed to check rate limit: 401 Client Error: Unauthorized for url: https://api.github.com/rate_limit
2025-07-08 12:35:44,375 - WARNING - Unable to retrieve rate limit information. Assuming 0 remaining requests.
2025-07-08 12:35:44,376 - INFO - Current follower counter: 3088
2025-07-08 12:35:44,376 - INFO - =========================================
2025-07-08 12:35:44,376 - INFO - Total Followers: 0
2025-07-08 12:35:44,376 - INFO - Already Followed: 3088
2025-07-08 12:35:44,376 - INFO - Followers Left to Follow: 0
2025-07-08 12:35:44,376 - INFO - API Requests Remaining: 0
2025-07-08 12:35:44,376 - INFO - Can Follow Now: 0
2025-07-08 12:35:44,376 - INFO - =========================================
2025-07-09 01:22:14,263 - INFO - Starting 'check_all_followers.py' script.
2025-07-09 01:22:14,432 - ERROR - Failed to retrieve total followers: 401 Client Error: Unauthorized for url: https://api.github.com/users/homerj31/followers?per_page=1&page=1
2025-07-09 01:22:14,434 - INFO - Loaded 3088 already followed users from 'followers.txt'.
2025-07-09 01:22:14,611 - ERROR - Failed to check rate limit: 401 Client Error: Unauthorized for url: https://api.github.com/rate_limit
2025-07-09 01:22:14,612 - WARNING - Unable to retrieve rate limit information. Assuming 0 remaining requests.
2025-07-09 01:22:14,613 - INFO - Current follower counter: 3088
2025-07-09 01:22:14,613 - INFO - =========================================
2025-07-09 01:22:14,613 - INFO - Total Followers: 0
2025-07-09 01:22:14,613 - INFO - Already Followed: 3088
2025-07-09 01:22:14,613 - INFO - Followers Left to Follow: 0
2025-07-09 01:22:14,613 - INFO - API Requests Remaining: 0
2025-07-09 01:22:14,613 - INFO - Can Follow Now: 0
2025-07-09 01:22:14,613 - INFO - =========================================
2025-07-09 12:35:26,794 - INFO - Starting 'check_all_followers.py' script.
2025-07-09 12:35:26,865 - ERROR - Failed to retrieve total followers: 401 Client Error: Unauthorized for url: https://api.github.com/users/homerj31/followers?per_page=1&page=1
2025-07-09 12:35:26,868 - INFO - Loaded 3088 already followed users from 'followers.txt'.
2025-07-09 12:35:26,934 - ERROR - Failed to check rate limit: 401 Client Error: Unauthorized for url: https://api.github.com/rate_limit
2025-07-09 12:35:26,935 - WARNING - Unable to retrieve rate limit information. Assuming 0 remaining requests.
2025-07-09 12:35:26,936 - INFO - Current follower counter: 3088
2025-07-09 12:35:26,936 - INFO - =========================================
2025-07-09 12:35:26,936 - INFO - Total Followers: 0
2025-07-09 12:35:26,936 - INFO - Already Followed: 3088
2025-07-09 12:35:26,936 - INFO - Followers Left to Follow: 0
2025-07-09 12:35:26,936 - INFO - API Requests Remaining: 0
2025-07-09 12:35:26,936 - INFO - Can Follow Now: 0
2025-07-09 12:35:26,936 - INFO - =========================================
2025-07-10 01:22:11,843 - INFO - Starting 'check_all_followers.py' script.
2025-07-10 01:22:11,998 - ERROR - Failed to retrieve total followers: 401 Client Error: Unauthorized for url: https://api.github.com/users/homerj31/followers?per_page=1&page=1
2025-07-10 01:22:12,000 - INFO - Loaded 3088 already followed users from 'followers.txt'.
2025-07-10 01:22:12,143 - ERROR - Failed to check rate limit: 401 Client Error: Unauthorized for url: https://api.github.com/rate_limit
2025-07-10 01:22:12,144 - WARNING - Unable to retrieve rate limit information. Assuming 0 remaining requests.
2025-07-10 01:22:12,144 - INFO - Current follower counter: 3088
2025-07-10 01:22:12,144 - INFO - =========================================
2025-07-10 01:22:12,144 - INFO - Total Followers: 0
2025-07-10 01:22:12,144 - INFO - Already Followed: 3088
2025-07-10 01:22:12,144 - INFO - Followers Left to Follow: 0
2025-07-10 01:22:12,144 - INFO - API Requests Remaining: 0
2025-07-10 01:22:12,145 - INFO - Can Follow Now: 0
2025-07-10 01:22:12,145 - INFO - =========================================
2025-07-10 12:36:04,059 - INFO - Starting 'check_all_followers.py' script.
2025-07-10 12:36:04,166 - ERROR - Failed to retrieve total followers: 401 Client Error: Unauthorized for url: https://api.github.com/users/homerj31/followers?per_page=1&page=1
2025-07-10 12:36:04,168 - INFO - Loaded 3088 already followed users from 'followers.txt'.
2025-07-10 12:36:04,268 - ERROR - Failed to check rate limit: 401 Client Error: Unauthorized for url: https://api.github.com/rate_limit
2025-07-10 12:36:04,269 - WARNING - Unable to retrieve rate limit information. Assuming 0 remaining requests.
2025-07-10 12:36:04,269 - INFO - Current follower counter: 3088
2025-07-10 12:36:04,269 - INFO - =========================================
2025-07-10 12:36:04,269 - INFO - Total Followers: 0
2025-07-10 12:36:04,270 - INFO - Already Followed: 3088
2025-07-10 12:36:04,270 - INFO - Followers Left to Follow: 0
2025-07-10 12:36:04,270 - INFO - API Requests Remaining: 0
2025-07-10 12:36:04,270 - INFO - Can Follow Now: 0
2025-07-10 12:36:04,270 - INFO - =========================================
2025-07-11 01:23:10,417 - INFO - Starting 'check_all_followers.py' script.
2025-07-11 01:23:10,489 - ERROR - Failed to retrieve total followers: 401 Client Error: Unauthorized for url: https://api.github.com/users/homerj31/followers?per_page=1&page=1
2025-07-11 01:23:10,490 - INFO - Loaded 3088 already followed users from 'followers.txt'.
2025-07-11 01:23:10,553 - ERROR - Failed to check rate limit: 401 Client Error: Unauthorized for url: https://api.github.com/rate_limit
2025-07-11 01:23:10,553 - WARNING - Unable to retrieve rate limit information. Assuming 0 remaining requests.
2025-07-11 01:23:10,554 - INFO - Current follower counter: 3088
2025-07-11 01:23:10,554 - INFO - =========================================
2025-07-11 01:23:10,554 - INFO - Total Followers: 0
2025-07-11 01:23:10,554 - INFO - Already Followed: 3088
2025-07-11 01:23:10,554 - INFO - Followers Left to Follow: 0
2025-07-11 01:23:10,554 - INFO - API Requests Remaining: 0
2025-07-11 01:23:10,554 - INFO - Can Follow Now: 0
2025-07-11 01:23:10,554 - INFO - =========================================
2025-07-11 12:34:38,491 - INFO - Starting 'check_all_followers.py' script.
2025-07-11 12:34:38,553 - ERROR - Failed to retrieve total followers: 401 Client Error: Unauthorized for url: https://api.github.com/users/homerj31/followers?per_page=1&page=1
2025-07-11 12:34:38,555 - INFO - Loaded 3088 already followed users from 'followers.txt'.
2025-07-11 12:34:38,612 - ERROR - Failed to check rate limit: 401 Client Error: Unauthorized for url: https://api.github.com/rate_limit
2025-07-11 12:34:38,612 - WARNING - Unable to retrieve rate limit information. Assuming 0 remaining requests.
2025-07-11 12:34:38,613 - INFO - Current follower counter: 3088
2025-07-11 12:34:38,613 - INFO - =========================================
2025-07-11 12:34:38,613 - INFO - Total Followers: 0
2025-07-11 12:34:38,613 - INFO - Already Followed: 3088
2025-07-11 12:34:38,613 - INFO - Followers Left to Follow: 0
2025-07-11 12:34:38,613 - INFO - API Requests Remaining: 0
2025-07-11 12:34:38,613 - INFO - Can Follow Now: 0
2025-07-11 12:34:38,613 - INFO - =========================================
2025-07-12 01:24:26,513 - INFO - Starting 'check_all_followers.py' script.
2025-07-12 01:24:26,568 - ERROR - Failed to retrieve total followers: 401 Client Error: Unauthorized for url: https://api.github.com/users/homerj31/followers?per_page=1&page=1
2025-07-12 01:24:26,570 - INFO - Loaded 3088 already followed users from 'followers.txt'.
2025-07-12 01:24:26,630 - ERROR - Failed to check rate limit: 401 Client Error: Unauthorized for url: https://api.github.com/rate_limit
2025-07-12 01:24:26,631 - WARNING - Unable to retrieve rate limit information. Assuming 0 remaining requests.
2025-07-12 01:24:26,631 - INFO - Current follower counter: 3088
2025-07-12 01:24:26,632 - INFO - =========================================
2025-07-12 01:24:26,632 - INFO - Total Followers: 0
2025-07-12 01:24:26,632 - INFO - Already Followed: 3088
2025-07-12 01:24:26,632 - INFO - Followers Left to Follow: 0
2025-07-12 01:24:26,632 - INFO - API Requests Remaining: 0
2025-07-12 01:24:26,632 - INFO - Can Follow Now: 0
2025-07-12 01:24:26,632 - INFO - =========================================
2025-07-12 12:32:14,792 - INFO - Starting 'check_all_followers.py' script.
2025-07-12 12:32:14,936 - ERROR - Failed to retrieve total followers: 401 Client Error: Unauthorized for url: https://api.github.com/users/homerj31/followers?per_page=1&page=1
2025-07-12 12:32:14,938 - INFO - Loaded 3088 already followed users from 'followers.txt'.
2025-07-12 12:32:15,088 - ERROR - Failed to check rate limit: 401 Client Error: Unauthorized for url: https://api.github.com/rate_limit
2025-07-12 12:32:15,089 - WARNING - Unable to retrieve rate limit information. Assuming 0 remaining requests.
2025-07-12 12:32:15,090 - INFO - Current follower counter: 3088
2025-07-12 12:32:15,090 - INFO - =========================================
2025-07-12 12:32:15,090 - INFO - Total Followers: 0
2025-07-12 12:32:15,090 - INFO - Already Followed: 3088
2025-07-12 12:32:15,090 - INFO - Followers Left to Follow: 0
2025-07-12 12:32:15,090 - INFO - API Requests Remaining: 0
2025-07-12 12:32:15,090 - INFO - Can Follow Now: 0
2025-07-12 12:32:15,090 - INFO - =========================================
2025-07-13 01:39:20,343 - INFO - Starting 'check_all_followers.py' script.
2025-07-13 01:39:20,505 - ERROR - Failed to retrieve total followers: 401 Client Error: Unauthorized for url: https://api.github.com/users/homerj31/followers?per_page=1&page=1
2025-07-13 01:39:20,507 - INFO - Loaded 3088 already followed users from 'followers.txt'.
2025-07-13 01:39:20,667 - ERROR - Failed to check rate limit: 401 Client Error: Unauthorized for url: https://api.github.com/rate_limit
2025-07-13 01:39:20,668 - WARNING - Unable to retrieve rate limit information. Assuming 0 remaining requests.
2025-07-13 01:39:20,669 - INFO - Current follower counter: 3088
2025-07-13 01:39:20,669 - INFO - =========================================
2025-07-13 01:39:20,669 - INFO - Total Followers: 0
2025-07-13 01:39:20,669 - INFO - Already Followed: 3088
2025-07-13 01:39:20,669 - INFO - Followers Left to Follow: 0
2025-07-13 01:39:20,669 - INFO - API Requests Remaining: 0
2025-07-13 01:39:20,669 - INFO - Can Follow Now: 0
2025-07-13 01:39:20,669 - INFO - =========================================
2025-07-13 12:32:39,844 - INFO - Starting 'check_all_followers.py' script.
2025-07-13 12:32:40,012 - ERROR - Failed to retrieve total followers: 401 Client Error: Unauthorized for url: https://api.github.com/users/homerj31/followers?per_page=1&page=1
2025-07-13 12:32:40,014 - INFO - Loaded 3088 already followed users from 'followers.txt'.
2025-07-13 12:32:40,217 - ERROR - Failed to check rate limit: 401 Client Error: Unauthorized for url: https://api.github.com/rate_limit
2025-07-13 12:32:40,218 - WARNING - Unable to retrieve rate limit information. Assuming 0 remaining requests.
2025-07-13 12:32:40,219 - INFO - Current follower counter: 3088
2025-07-13 12:32:40,219 - INFO - =========================================
2025-07-13 12:32:40,219 - INFO - Total Followers: 0
2025-07-13 12:32:40,219 - INFO - Already Followed: 3088
2025-07-13 12:32:40,219 - INFO - Followers Left to Follow: 0
2025-07-13 12:32:40,219 - INFO - API Requests Remaining: 0
2025-07-13 12:32:40,219 - INFO - Can Follow Now: 0
2025-07-13 12:32:40,219 - INFO - =========================================
2025-07-14 01:26:38,657 - INFO - Starting 'check_all_followers.py' script.
2025-07-14 01:26:38,765 - ERROR - Failed to retrieve total followers: 401 Client Error: Unauthorized for url: https://api.github.com/users/homerj31/followers?per_page=1&page=1
2025-07-14 01:26:38,767 - INFO - Loaded 3088 already followed users from 'followers.txt'.
2025-07-14 01:26:38,863 - ERROR - Failed to check rate limit: 401 Client Error: Unauthorized for url: https://api.github.com/rate_limit
2025-07-14 01:26:38,864 - WARNING - Unable to retrieve rate limit information. Assuming 0 remaining requests.
2025-07-14 01:26:38,865 - INFO - Current follower counter: 3088
2025-07-14 01:26:38,865 - INFO - =========================================
2025-07-14 01:26:38,865 - INFO - Total Followers: 0
2025-07-14 01:26:38,865 - INFO - Already Followed: 3088
2025-07-14 01:26:38,865 - INFO - Followers Left to Follow: 0
2025-07-14 01:26:38,865 - INFO - API Requests Remaining: 0
2025-07-14 01:26:38,865 - INFO - Can Follow Now: 0
2025-07-14 01:26:38,865 - INFO - =========================================
2025-07-14 12:36:47,202 - INFO - Starting 'check_all_followers.py' script.
2025-07-14 12:36:47,390 - ERROR - Failed to retrieve total followers: 401 Client Error: Unauthorized for url: https://api.github.com/users/homerj31/followers?per_page=1&page=1
2025-07-14 12:36:47,392 - INFO - Loaded 3088 already followed users from 'followers.txt'.
2025-07-14 12:36:47,718 - ERROR - Failed to check rate limit: 401 Client Error: Unauthorized for url: https://api.github.com/rate_limit
2025-07-14 12:36:47,719 - WARNING - Unable to retrieve rate limit information. Assuming 0 remaining requests.
2025-07-14 12:36:47,720 - INFO - Current follower counter: 3088
2025-07-14 12:36:47,720 - INFO - =========================================
2025-07-14 12:36:47,720 - INFO - Total Followers: 0
2025-07-14 12:36:47,720 - INFO - Already Followed: 3088
2025-07-14 12:36:47,720 - INFO - Followers Left to Follow: 0
2025-07-14 12:36:47,720 - INFO - API Requests Remaining: 0
2025-07-14 12:36:47,720 - INFO - Can Follow Now: 0
2025-07-14 12:36:47,720 - INFO - =========================================
2025-07-15 01:27:03,265 - INFO - Starting 'check_all_followers.py' script.
2025-07-15 01:27:03,388 - ERROR - Failed to retrieve total followers: 401 Client Error: Unauthorized for url: https://api.github.com/users/homerj31/followers?per_page=1&page=1
2025-07-15 01:27:03,390 - INFO - Loaded 3088 already followed users from 'followers.txt'.
2025-07-15 01:27:03,496 - ERROR - Failed to check rate limit: 401 Client Error: Unauthorized for url: https://api.github.com/rate_limit
2025-07-15 01:27:03,497 - WARNING - Unable to retrieve rate limit information. Assuming 0 remaining requests.
2025-07-15 01:27:03,497 - INFO - Current follower counter: 3088
2025-07-15 01:27:03,497 - INFO - =========================================
2025-07-15 01:27:03,498 - INFO - Total Followers: 0
2025-07-15 01:27:03,498 - INFO - Already Followed: 3088
2025-07-15 01:27:03,498 - INFO - Followers Left to Follow: 0
2025-07-15 01:27:03,498 - INFO - API Requests Remaining: 0
2025-07-15 01:27:03,498 - INFO - Can Follow Now: 0
2025-07-15 01:27:03,498 - INFO - =========================================
2025-07-15 12:36:53,275 - INFO - Starting 'check_all_followers.py' script.
2025-07-15 12:36:53,346 - ERROR - Failed to retrieve total followers: 401 Client Error: Unauthorized for url: https://api.github.com/users/homerj31/followers?per_page=1&page=1
2025-07-15 12:36:53,348 - INFO - Loaded 3088 already followed users from 'followers.txt'.
2025-07-15 12:36:53,410 - ERROR - Failed to check rate limit: 401 Client Error: Unauthorized for url: https://api.github.com/rate_limit
2025-07-15 12:36:53,411 - WARNING - Unable to retrieve rate limit information. Assuming 0 remaining requests.
2025-07-15 12:36:53,412 - INFO - Current follower counter: 3088
2025-07-15 12:36:53,412 - INFO - =========================================
2025-07-15 12:36:53,412 - INFO - Total Followers: 0
2025-07-15 12:36:53,412 - INFO - Already Followed: 3088
2025-07-15 12:36:53,412 - INFO - Followers Left to Follow: 0
2025-07-15 12:36:53,412 - INFO - API Requests Remaining: 0
2025-07-15 12:36:53,412 - INFO - Can Follow Now: 0
2025-07-15 12:36:53,412 - INFO - =========================================
2025-07-16 01:24:11,720 - INFO - Starting 'check_all_followers.py' script.
2025-07-16 01:24:11,784 - ERROR - Failed to retrieve total followers: 401 Client Error: Unauthorized for url: https://api.github.com/users/homerj31/followers?per_page=1&page=1
2025-07-16 01:24:11,786 - INFO - Loaded 3088 already followed users from 'followers.txt'.
2025-07-16 01:24:11,843 - ERROR - Failed to check rate limit: 401 Client Error: Unauthorized for url: https://api.github.com/rate_limit
2025-07-16 01:24:11,843 - WARNING - Unable to retrieve rate limit information. Assuming 0 remaining requests.
2025-07-16 01:24:11,844 - INFO - Current follower counter: 3088
2025-07-16 01:24:11,844 - INFO - =========================================
2025-07-16 01:24:11,844 - INFO - Total Followers: 0
2025-07-16 01:24:11,844 - INFO - Already Followed: 3088
2025-07-16 01:24:11,844 - INFO - Followers Left to Follow: 0
2025-07-16 01:24:11,844 - INFO - API Requests Remaining: 0
2025-07-16 01:24:11,844 - INFO - Can Follow Now: 0
2025-07-16 01:24:11,844 - INFO - =========================================
2025-07-16 12:37:16,136 - INFO - Starting 'check_all_followers.py' script.
2025-07-16 12:37:16,254 - ERROR - Failed to retrieve total followers: 401 Client Error: Unauthorized for url: https://api.github.com/users/homerj31/followers?per_page=1&page=1
2025-07-16 12:37:16,256 - INFO - Loaded 3088 already followed users from 'followers.txt'.
2025-07-16 12:37:16,347 - ERROR - Failed to check rate limit: 401 Client Error: Unauthorized for url: https://api.github.com/rate_limit
2025-07-16 12:37:16,348 - WARNING - Unable to retrieve rate limit information. Assuming 0 remaining requests.
2025-07-16 12:37:16,349 - INFO - Current follower counter: 3088
2025-07-16 12:37:16,349 - INFO - =========================================
2025-07-16 12:37:16,349 - INFO - Total Followers: 0
2025-07-16 12:37:16,349 - INFO - Already Followed: 3088
2025-07-16 12:37:16,349 - INFO - Followers Left to Follow: 0
2025-07-16 12:37:16,349 - INFO - API Requests Remaining: 0
2025-07-16 12:37:16,349 - INFO - Can Follow Now: 0
2025-07-16 12:37:16,349 - INFO - =========================================
2025-07-17 01:25:18,605 - INFO - Starting 'check_all_followers.py' script.
2025-07-17 01:25:18,676 - ERROR - Failed to retrieve total followers: 401 Client Error: Unauthorized for url: https://api.github.com/users/homerj31/followers?per_page=1&page=1
2025-07-17 01:25:18,678 - INFO - Loaded 3088 already followed users from 'followers.txt'.
2025-07-17 01:25:18,740 - ERROR - Failed to check rate limit: 401 Client Error: Unauthorized for url: https://api.github.com/rate_limit
2025-07-17 01:25:18,740 - WARNING - Unable to retrieve rate limit information. Assuming 0 remaining requests.
2025-07-17 01:25:18,741 - INFO - Current follower counter: 3088
2025-07-17 01:25:18,741 - INFO - =========================================
2025-07-17 01:25:18,741 - INFO - Total Followers: 0
2025-07-17 01:25:18,741 - INFO - Already Followed: 3088
2025-07-17 01:25:18,741 - INFO - Followers Left to Follow: 0
2025-07-17 01:25:18,741 - INFO - API Requests Remaining: 0
2025-07-17 01:25:18,741 - INFO - Can Follow Now: 0
2025-07-17 01:25:18,741 - INFO - =========================================
